<?xml version="1.0" encoding="UTF-8"?>
<testng-results ignored="0" total="1" passed="1" failed="0" skipped="0">
  <reporter-output>
  </reporter-output>
  <suite started-at="2023-01-23T18:59:36 IST" name="Default suite" finished-at="2023-01-23T18:59:49 IST" duration-ms="12163">
    <groups>
    </groups>
    <test started-at="2023-01-23T18:59:36 IST" name="Default test" finished-at="2023-01-23T18:59:49 IST" duration-ms="12163">
      <class name="Test_scenario.TrainigModule">
        <test-method is-config="true" signature="beforeTest()[pri:0, instance:Test_scenario.TrainigModule@55634720]" started-at="2023-01-23T18:59:36 IST" name="beforeTest" finished-at="2023-01-23T18:59:36 IST" duration-ms="13" status="PASS">
          <reporter-output>
          </reporter-output>
        </test-method> <!-- beforeTest -->
        <test-method is-config="true" signature="beforeMethod()[pri:0, instance:Test_scenario.TrainigModule@55634720]" started-at="2023-01-23T18:59:36 IST" name="beforeMethod" finished-at="2023-01-23T18:59:39 IST" duration-ms="2577" status="PASS">
          <reporter-output>
          </reporter-output>
        </test-method> <!-- beforeMethod -->
        <test-method signature="f()[pri:0, instance:Test_scenario.TrainigModule@55634720]" started-at="2023-01-23T18:59:39 IST" name="f" finished-at="2023-01-23T18:59:43 IST" duration-ms="4157" status="PASS">
          <reporter-output>
          </reporter-output>
        </test-method> <!-- f -->
        <test-method is-config="true" signature="afterMethod()[pri:0, instance:Test_scenario.TrainigModule@55634720]" started-at="2023-01-23T18:59:43 IST" name="afterMethod" finished-at="2023-01-23T18:59:48 IST" duration-ms="5012" status="PASS">
          <reporter-output>
          </reporter-output>
        </test-method> <!-- afterMethod -->
        <test-method is-config="true" signature="afterTest()[pri:0, instance:Test_scenario.TrainigModule@55634720]" started-at="2023-01-23T18:59:48 IST" name="afterTest" finished-at="2023-01-23T18:59:49 IST" duration-ms="356" status="PASS">
          <reporter-output>
          </reporter-output>
        </test-method> <!-- afterTest -->
      </class> <!-- Test_scenario.TrainigModule -->
    </test> <!-- Default test -->
  </suite> <!-- Default suite -->
</testng-results>
